0 info it worked if it ends with ok
1 verbose cli [ 'F:\\Program Files\\node\\node.exe',
1 verbose cli   'F:\\Program Files\\node\\node_modules\\npm\\bin\\npm-cli.js',
1 verbose cli   'run-script',
1 verbose cli   'start' ]
2 info using npm@3.10.10
3 info using node@v7.2.1
4 verbose run-script [ 'prestart', 'start', 'poststart' ]
5 info lifecycle koatest@0.1.0~prestart: koatest@0.1.0
6 silly lifecycle koatest@0.1.0~prestart: no script for prestart, continuing
7 info lifecycle koatest@0.1.0~start: koatest@0.1.0
8 verbose lifecycle koatest@0.1.0~start: unsafe-perm in lifecycle true
9 verbose lifecycle koatest@0.1.0~start: PATH: F:\Program Files\node\node_modules\npm\bin\node-gyp-bin;F:\github\koatest\node_modules\.bin;C:\ProgramData\Oracle\Java\javapath;F:\PROGRA~3\Borland\CBUILD~1\Bin;F:\PROGRA~3\Borland\CBUILD~1\Projects\Bpl;C:\Program Files (x86)\Common Files\NetSarang;C:\Program Files (x86)\NVIDIA Corporation\PhysX\Common;C:\Program Files (x86)\Intel\iCLS Client\;C:\Program Files\Intel\iCLS Client\;C:\windows\system32;C:\windows;C:\windows\System32\Wbem;C:\windows\System32\WindowsPowerShell\v1.0\;C:\Program Files\Intel\Intel(R) Management Engine Components\DAL;C:\Program Files\Intel\Intel(R) Management Engine Components\IPT;C:\Program Files (x86)\Intel\Intel(R) Management Engine Components\DAL;C:\Program Files (x86)\Intel\Intel(R) Management Engine Components\IPT;C:\Program Files\Intel\WiFi\bin\;C:\Program Files\Common Files\Intel\WirelessCommon\;C:\Program Files\Java\jdk1.8.0_05\bin;C:\Program Files\Java\jdk1.8.0_05\jre\bin;C:\Program Files\MySQL\MySQL Server 5.6\bin; ;D:\Program Files\svn\TortoiseSVN\bin;F:\Program Files\php;F:\Program Files\node;F:\Program Files\Ruby22\bin;d:\Program Files\Git\cmd;C:\Users\Lueny\AppData\Roaming\npm;F:\Program Files (x64)\jboss-4.2.3.GA\;C:\Program Files\Java\jdk1.8.0_05\bin;C:\Program Files\Java\jdk1.8.0_05\jre\bin;F:\yarn\bin;C:\ProgramData\chocolatey\bin;C:\tools\python2;F:\Program Files\node\;F:\Heroku\bin;C:\Program Files (x86)\git\cmd;C:\Program Files (x86)\Git\cmd;C:\Program Files\Intel\WiFi\bin\;C:\Program Files\Common Files\Intel\WirelessCommon\;D:\Program Files (x86)\Tencent\QQ\Bin;C:\Program Files\MySQL\MySQL Server 5.6\bin;F:\xampp\tomcat\lib;F:\xampp\tomcat\bin;E:\学习\AnyviewCe\AnyviewCe-2015-4-10\AnyviewCe-2015-4-10;C:\Program Files (x86)\360AP;F:\Program Files\Apache Software Foundation\apache-tomcat-7.0.61\bin;F:\Program Files\Apache Software Foundation\apache-tomcat-6.0.44\bin;F:\Program Files\Apache Software Foundation\apache-maven-3.3.3\bin;F:\Android\sdk\tools;F:\Android\sdk\platform-tools;F:\Android\sdk\tools;F:\Android\sdk\platform-tools;F:\Android\sdk\build-tools\;C:\Users\Lueny\AppData\Roaming\npm;F:\vscode\bin
10 verbose lifecycle koatest@0.1.0~start: CWD: F:\github\koatest
11 silly lifecycle koatest@0.1.0~start: Args: [ '/d /s /c', 'node ./bin/www' ]
12 silly lifecycle koatest@0.1.0~start: Returned: code: 1  signal: null
13 info lifecycle koatest@0.1.0~start: Failed to exec start script
14 verbose stack Error: koatest@0.1.0 start: `node ./bin/www`
14 verbose stack Exit status 1
14 verbose stack     at EventEmitter.<anonymous> (F:\Program Files\node\node_modules\npm\lib\utils\lifecycle.js:255:16)
14 verbose stack     at emitTwo (events.js:106:13)
14 verbose stack     at EventEmitter.emit (events.js:191:7)
14 verbose stack     at ChildProcess.<anonymous> (F:\Program Files\node\node_modules\npm\lib\utils\spawn.js:40:14)
14 verbose stack     at emitTwo (events.js:106:13)
14 verbose stack     at ChildProcess.emit (events.js:191:7)
14 verbose stack     at maybeClose (internal/child_process.js:885:16)
14 verbose stack     at Process.ChildProcess._handle.onexit (internal/child_process.js:226:5)
15 verbose pkgid koatest@0.1.0
16 verbose cwd F:\github\koatest
17 error Windows_NT 6.1.7601
18 error argv "F:\\Program Files\\node\\node.exe" "F:\\Program Files\\node\\node_modules\\npm\\bin\\npm-cli.js" "run-script" "start"
19 error node v7.2.1
20 error npm  v3.10.10
21 error code ELIFECYCLE
22 error koatest@0.1.0 start: `node ./bin/www`
22 error Exit status 1
23 error Failed at the koatest@0.1.0 start script 'node ./bin/www'.
23 error Make sure you have the latest version of node.js and npm installed.
23 error If you do, this is most likely a problem with the koatest package,
23 error not with npm itself.
23 error Tell the author that this fails on your system:
23 error     node ./bin/www
23 error You can get information on how to open an issue for this project with:
23 error     npm bugs koatest
23 error Or if that isn't available, you can get their info via:
23 error     npm owner ls koatest
23 error There is likely additional logging output above.
24 verbose exit [ 1, true ]
